2019-06-15 21:54:34,955 [main] INFO  c.s.w.WisdomhydrologicApplication 48 - Starting WisdomhydrologicApplication on Lenovo with PID 13736 (C:\Users\quyue1205\Desktop\wisdomhydrologiccal\target\classes started by quyue1205 in C:\Users\quyue1205\Desktop\wisdomhydrologicCAL)
2019-06-15 21:54:34,977 [main] INFO  c.s.w.WisdomhydrologicApplication 593 - No active profile set, falling back to default profiles: default
2019-06-15 21:54:35,295 [main] INFO  o.s.b.c.e.AnnotationConfigEmbeddedWebApplicationContext 583 - Refreshing org.springframework.boot.context.embedded.AnnotationConfigEmbeddedWebApplicationContext@55b699ef: startup date [Sat Jun 15 21:54:35 CST 2019]; root of context hierarchy
2019-06-15 21:54:36,449 [background-preinit] INFO  o.h.validator.internal.util.Version 30 - HV000001: Hibernate Validator 5.3.5.Final
2019-06-15 21:54:37,908 [main] INFO  o.s.b.f.s.DefaultListableBeanFactory 828 - Overriding bean definition for bean 'dataSource' with a different definition: replacing [Root bean: class [null]; scope=; abstract=false; lazyInit=false; autowireMode=3; dependencyCheck=0; autowireCandidate=true; primary=false; factoryBeanName=org.springframework.boot.autoconfigure.jdbc.DataSourceConfiguration$Hikari; factoryMethodName=dataSource; initMethodName=null; destroyMethodName=(inferred); defined in class path resource [org/springframework/boot/autoconfigure/jdbc/DataSourceConfiguration$Hikari.class]] with [Root bean: class [null]; scope=; abstract=false; lazyInit=false; autowireMode=3; dependencyCheck=0; autowireCandidate=true; primary=false; factoryBeanName=org.springframework.boot.autoconfigure.jdbc.DataSourceConfiguration$Tomcat; factoryMethodName=dataSource; initMethodName=null; destroyMethodName=(inferred); defined in class path resource [org/springframework/boot/autoconfigure/jdbc/DataSourceConfiguration$Tomcat.class]]
2019-06-15 21:54:39,355 [main] INFO  o.s.c.s.PostProcessorRegistrationDelegate$BeanPostProcessorChecker 325 - Bean 'org.springframework.amqp.rabbit.annotation.RabbitBootstrapConfiguration' of type [org.springframework.amqp.rabbit.annotation.RabbitBootstrapConfiguration$$EnhancerBySpringCGLIB$$2f39c762] is not eligible for getting processed by all BeanPostProcessors (for example: not eligible for auto-proxying)
2019-06-15 21:54:41,039 [main] INFO  o.s.b.c.e.t.TomcatEmbeddedServletContainer 89 - Tomcat initialized with port(s): 8099 (http)
2019-06-15 21:54:41,058 [main] INFO  o.a.catalina.core.StandardService 179 - Starting service [Tomcat]
2019-06-15 21:54:41,060 [main] INFO  o.a.catalina.core.StandardEngine 179 - Starting Servlet Engine: Apache Tomcat/8.5.15
2019-06-15 21:54:41,389 [localhost-startStop-1] INFO  o.a.c.c.C.[.[.[/wisdomhydrologiccal] 179 - Initializing Spring embedded WebApplicationContext
2019-06-15 21:54:41,390 [localhost-startStop-1] INFO  o.s.web.context.ContextLoader 276 - Root WebApplicationContext: initialization completed in 6095 ms
2019-06-15 21:54:41,824 [localhost-startStop-1] INFO  o.s.b.w.s.ServletRegistrationBean 190 - Mapping servlet: 'dispatcherServlet' to [/]
2019-06-15 21:54:41,833 [localhost-startStop-1] INFO  o.s.b.w.s.FilterRegistrationBean 258 - Mapping filter: 'characterEncodingFilter' to: [/*]
2019-06-15 21:54:41,834 [localhost-startStop-1] INFO  o.s.b.w.s.FilterRegistrationBean 258 - Mapping filter: 'hiddenHttpMethodFilter' to: [/*]
2019-06-15 21:54:41,835 [localhost-startStop-1] INFO  o.s.b.w.s.FilterRegistrationBean 258 - Mapping filter: 'httpPutFormContentFilter' to: [/*]
2019-06-15 21:54:41,835 [localhost-startStop-1] INFO  o.s.b.w.s.FilterRegistrationBean 258 - Mapping filter: 'requestContextFilter' to: [/*]
2019-06-15 21:54:42,401 [main] INFO  o.a.catalina.core.StandardService 179 - Stopping service [Tomcat]
2019-06-15 21:54:42,502 [main] INFO  o.s.b.a.l.AutoConfigurationReportLoggingInitializer 101 - 

Error starting ApplicationContext. To display the auto-configuration report re-run your application with 'debug' enabled.
2019-06-15 21:54:42,510 [main] ERROR o.s.b.d.LoggingFailureAnalysisReporter 42 - 

***************************
APPLICATION FAILED TO START
***************************

Description:

Cannot determine embedded database driver class for database type NONE

Action:

If you want an embedded database please put a supported one on the classpath. If you have database settings to be loaded from a particular profile you may need to active it (no profiles are currently active).

